-281
day: 26 max: 10466
cow: 7929842

day: 435 max: 10661
cow: 3797883

day: 5120 max: 10665
cow: 3624998

day: 25182 max: 10666
cow: 9708361

day: 75143 max: 10667
cow: 849192

day: 175700 max: 10667
cow: 849192
cow: 960041

day: 254922 max: 10667
cow: 849192
cow: 960041
cow: 4051533

day: 260015 max: 10667
cow: 849192
cow: 960041
cow: 4051533
cow: 4401107

day: 274361 max: 10667
cow: 849192
cow: 960041
cow: 4051533
cow: 4401107
cow: 7675413

day: 388517 max: 10667
cow: 849192
cow: 960041
cow: 4051533
cow: 4401107
cow: 6352262
cow: 7675413

day: 430687 max: 10667
cow: 849192
cow: 960041
cow: 3004691
cow: 4051533
cow: 4401107
cow: 6352262
cow: 7675413

day: 435215 max: 10667
cow: 849192
cow: 960041
cow: 3004691
cow: 4051533
cow: 4401107
cow: 6352262
cow: 7675413
cow: 9076316

day: 485193 max: 10925
cow: 6637524

13
