3856
407 91 499698297
3553 3098 499640785
2554 2310 499550481
3189 2552 498877953
1559 907 498515674
801 237 497815398
3680 1195 497539471
4215 3661 497058407
2380 1371 496591863
1638 59 496431179
1068 82 495981303
3836 3693 494896453
3115 3103 494885542
2553 217 494581957
2646 1498 493212772
3413 2687 493043820
4041 870 492978759
2507 2489 492487275
1963 379 492047446
3617 294 490561687
765 485 490261154
2936 2307 490234216
3081 1031 489707311
2901 1941 488683179
2931 1080 487743657
3406 2415 487689753
2148 837 487265832
2297 453 486181425
1530 426 485760521
2736 2034 485057051
2316 2104 483892071
3374 2437 483089338
3250 2735 482395946
4023 334 482300034
4264 3118 481951655
3323 427 481889986
3767 124 481756124
1223 854 481715248
4198 2022 481141718
3314 2797 480830585
2640 1982 480376177
3924 3441 480306670
4400 55 479147039
1940 340 477781879
4097 459 477704897
3423 3249 477313033
3031 1274 477009342
827 115 476851931
2427 1261 476626219
4308 3390 476347625
3865 1895 475156901
1835 1668 475108996
2787 1717 475090503
2498 1748 475088380
3307 1716 474510400
3868 2887 474482573
2041 1840 473980994
4048 2650 473971418
3550 682 473884601
1254 442 473724577
2577 1239 473705613
3938 11 473008599
865 276 472510273
2656 2346 472245300
2180 528 471528454
1523 1240 471338055
4408 1130 471095743
2035 356 471032763
3733 710 470988304
2331 2284 470941963
4134 1441 470624417
2113 1674 469538357
3654 2875 468362983
1636 748 468253934
1999 1704 468240718
4284 3670 468026344
472 117 467695945
2365 6 467265327
2702 2280 466759906
2403 216 466285864
1660 489 464840041
2379 58 464156405
4209 1551 463769231
3005 666 463220548
1381 432 463121257
4407 398 461890670
2110 1344 461595292
4344 3220 460150542
3449 678 459020814
4083 1186 457467550
4266 2497 457194311
4077 3046 456200340
2475 2360 456117202
3232 1002 456078845
2831 1366 455654104
4362 229 455526813
2846 324 455330763
2950 1808 455141342
2312 2010 454971406
1018 531 454262755
2953 1927 453689302
4218 1967 453445957
4314 1759 453121863
1971 986 453010739
3184 485 452477355
3126 2984 451954690
3045 2170 451657231
3388 756 451289184
3531 1752 450078042
2232 486 449411236
3530 1199 449210337
2409 2038 448341083
2190 1802 448223845
2229 184 448162480
3665 3327 448048403
3203 2360 447661444
1252 163 447569931
4178 1245 447417869
1017 940 447188137
2741 1862 446680336
1978 1338 443912605
3861 2989 443869475
2981 1936 443477392
3959 3483 442989402
4208 683 442678310
2986 480 442595788
3573 361 442332357
1260 1158 441388798
2849 862 440261456
4182 2098 439285259
2449 446 439177810
3835 679 439018824
2919 554 437819617
2733 2079 437623206
4394 3481 437527423
3146 1089 437209946
3371 1861 437075393
4313 2196 437036533
4193 1149 436461916
4346 3930 435888526
4416 4336 435622689
4081 2243 435443062
1516 205 435285839
3281 2055 435202717
3065 936 434572321
1566 1416 434205547
2407 399 434019312
3817 1282 432213753
2222 1741 432052796
1740 927 431426452
3896 3727 430783389
1856 1557 430063862
2430 2097 428958494
3869 141 428846387
3889 672 428582457
3890 2527 426879496
2614 368 426250053
2347 906 425833159
2776 2295 424848268
3452 253 423347086
2540 590 423168437
3658 69 423105520
2803 160 422995167
3560 2405 422007470
3033 2209 421204188
3448 3108 420583535
3168 715 419081159
2949 1952 418227880
3424 2371 417791048
1246 964 417440530
4251 890 417264537
1570 1161 416116354
2220 1331 415895873
4236 1966 415895846
4381 1284 414966491
3028 725 414883604
2495 1661 414226114
2729 16 413770632
3185 2192 413745375
752 163 412440831
3244 1460 412003855
4058 766 411674274
3592 375 411227740
3992 3897 411088408
2147 1081 410560924
2602 1807 409277146
3292 63 409111370
2490 405 408541861
3159 529 408241236
4254 3113 408221581
2508 1112 406676292
1380 542 406292392
4078 220 406150519
4074 1904 405051343
811 35 404750278
2328 2286 404137953
4073 3312 403687060
274 166 403384619
1965 1063 401772995
3083 1730 401427122
4117 2971 401169320
3069 1633 399811238
3011 519 399356998
1792 1667 399127944
3831 1821 398881896
1100 1021 398454457
3662 3264 398406349
3030 1264 397977402
4241 2259 397188795
3072 1900 396469837
2700 465 396387260
3014 488 394871452
1389 873 393728602
4342 3615 391534805
2296 1014 391322034
4067 3165 390851895
4353 3171 390247802
3241 2799 389473969
3121 758 389066037
3358 2060 389003762
1608 304 388958488
1677 1173 388145029
4345 696 387875902
4420 3693 386889187
898 225 386649489
4223 2066 386606868
2924 1923 385710187
3124 1550 385567955
4054 1985 384998122
3438 1123 384275843
3711 1331 384022774
4130 1883 383869829
2945 1852 383553576
2896 2137 382970884
373 304 382410120
4068 2344 382212900
3134 125 381985580
1298 139 381877016
3614 2963 381146196
1981 1412 380587857
1972 1581 380436351
1049 548 380132839
2574 383 380023148
3726 283 379984776
4016 1969 379693317
2867 2302 378816450
3955 2128 378109643
2624 386 377760555
2142 1676 377500444
4029 3652 376620122
3522 1303 375845038
4281 98 375781901
3494 733 375052424
2895 583 374958260
4160 2141 374220440
1979 1374 374038204
4176 1287 373452639
4259 2046 373160299
2451 638 372851563
2023 654 372655978
1035 33 372257063
4184 3751 370599324
2857 424 370554355
2965 151 370549216
4174 3386 368481251
3210 177 367894213
3286 791 367244436
4141 1126 365595016
3110 160 365309206
2862 129 364354555
1468 1301 364146799
3846 3395 363675525
4049 3057 363007760
869 397 362539096
1340 1214 362259523
1554 1301 361793051
3444 1234 361337275
2582 963 360729796
2636 2287 360565799
2509 1010 360008542
1500 1092 359945932
2342 580 359736755
4417 2682 359508500
3087 1720 358892570
3639 1962 358526527
3871 1985 357997060
3790 328 357799039
757 364 357693772
3697 624 357093701
2481 1439 356834765
1901 948 356678665
3609 3385 356610199
2226 480 355435410
1431 682 355433669
3676 2096 355334219
3490 1905 354338184
1520 74 353862163
3795 3576 353774263
3357 2358 352949276
3073 2183 352509459
1685 1019 352425368
908 401 352418736
2771 284 351518341
4123 3634 350791109
2962 1353 350661037
2556 814 349283750
4246 2363 348609791
3640 153 348521684
1023 606 348362203
4022 1403 348243622
4214 3604 347577043
4303 2128 347426044
3284 1644 347124790
3173 1307 346674647
1711 1152 346515878
2245 334 346143784
3402 1297 346040832
3027 359 345297070
2309 1700 344873352
1330 115 343984202
3968 2963 343055835
3018 323 342833096
1553 1234 342487546
2431 1964 341669268
2037 889 341547407
3811 1462 341290344
532 493 341009502
3215 180 340709207
3019 2550 340514731
1803 792 340371778
4217 2080 339128087
3986 2603 339109274
2596 171 338940606
3985 1611 338288630
176 39 337824620
3001 2951 337676717
4312 1413 337675492
2186 2165 337405964
4263 3847 337339438
3139 1019 337015264
1657 386 336878785
1710 945 336756315
3476 3445 336673932
4352 3738 336654265
3706 1190 335842679
4361 3032 334884164
3435 3346 334754388
3567 3104 334336386
3405 1087 334140264
3724 2135 333569874
3643 185 333418159
4363 3363 333402117
3771 567 332929405
3316 2336 332102907
4191 4065 331711483
3454 2332 330985776
2716 2367 330760968
4220 1913 329533631
2881 208 329093596
3070 2807 328339401
2782 1383 327661495
3996 1396 327205475
3821 2665 326451817
1996 962 326350750
3465 3234 325623534
4261 3301 325129994
4301 338 323604034
3162 293 323128264
4094 3884 322649595
2139 425 321715275
4190 1904 321671146
2932 930 320152051
3562 3164 320033748
2525 2438 319989058
3754 1904 318510731
798 603 318498710
3877 2136 318430264
3611 2746 317569416
3067 2844 317368564
1309 492 316940957
2870 2128 316453811
2221 839 316337573
3404 3170 316243342
4425 2657 315733568
1179 701 315543814
1101 613 314639845
3783 2851 313966750
1866 836 313891624
3898 40 313311721
4429 3263 312790362
2628 1985 312716484
447 403 312703601
4112 871 310107736
3318 1989 310029298
3922 3275 308299693
2088 1598 307636030
4131 3919 307197381
3532 730 306482898
3243 1578 306292652
4348 544 305507304
1543 128 303231638
3613 2401 303092140
2460 2400 302838494
1689 1125 302397364
2122 384 301849060
1887 1451 300851565
2644 343 300786616
3973 3879 300668929
874 750 300462363
2925 1977 299511769
1418 739 299231037
2105 738 299207084
3525 3042 298190690
3635 3568 297941717
605 60 297773351
3533 2127 297695993
675 147 297281596
3895 2648 297061845
4181 3847 297039022
3947 2278 296723149
4087 2724 295981331
102 36 294809572
4319 1614 293547761
1446 720 292607271
1788 1143 292418190
1302 956 292193219
2785 2446 291649020
2721 900 291517257
3417 62 291211060
4386 4226 290913697
3970 3091 290664993
1768 1542 289316392
537 109 288209218
3238 559 287642207
4187 3384 287422258
1615 325 286523141
1596 26 286436440
3620 2944 286041531
4243 3123 285787180
2457 1904 285332993
1275 638 284420554
2804 2019 284387213
812 464 283442864
1874 20 281119658
3712 584 280328489
1056 155 279146261
3927 3723 278583218
3972 597 277770063
2533 1585 277349567
3089 2223 277297663
1368 72 277234516
3389 1352 277114553
4304 1509 277074060
2912 2796 276845337
3547 1814 276646212
1625 401 275846028
2762 1313 274306002
4076 2672 273707726
2537 2398 273665024
2092 1399 273519846
2422 1905 273510885
4139 3878 273341223
2812 2121 273054942
3784 3655 272108719
3629 2934 271086708
3181 1104 270890748
1499 1339 270556031
2372 213 270324951
2996 1537 269962706
2265 1873 269717781
3756 2391 268456001
1806 111 267721109
2385 766 267550614
2942 840 267522510
2432 1680 267048497
4343 1651 266286739
1877 1191 266225974
2930 1225 266177847
3002 1503 265434971
3636 2998 264396674
4093 589 263602136
3306 1780 261981007
4031 3690 261772201
4405 517 261474077
3888 3886 260799166
2829 2006 259562082
4238 1404 259019380
910 50 258571938
2218 1589 258547741
3966 323 257887122
4418 402 257800769
4010 790 257504500
1993 771 255052682
1975 1079 253368183
1122 639 253040847
3823 1854 253018673
3692 1266 252882444
2522 9 251674554
2756 1209 251209325
2814 1325 250722280
3197 2389 249963892
3205 686 249545908
1182 423 249239671
2827 2162 247986146
2633 1737 247982515
3925 1734 247931385
1181 673 247807303
2802 567 246968708
3283 424 246836425
4183 672 246727305
1832 1054 246394039
3749 319 246387530
2713 2393 246105301
3138 2955 245605978
4019 3612 245558873
3416 1831 245459912
1961 1386 244458384
3543 2745 244005271
1290 943 243974338
4006 1436 243964699
4015 3834 242968436
1939 1048 242508182
3140 1789 242405948
1970 785 241941733
3523 2075 241889250
3780 45 241745169
3825 433 240963570
1787 890 239756789
2511 3 238292514
1849 802 237977864
2188 1033 237706110
3097 1051 237390638
1435 1250 237061343
2061 1089 236291627
3075 842 236024909
3667 3161 234621332
2487 996 234243485
2906 465 233042125
4326 4043 232792644
3421 2270 232385867
3808 671 231921914
2378 858 230962291
1779 627 230592003
3833 3703 230187887
1725 219 229729926
3741 1139 229155490
3382 777 228789000
576 4 228566685
2583 6 226332281
3570 3080 225950891
3843 1873 225679304
3278 2858 224840162
2766 1837 224657517
3859 1239 224212292
4125 1942 222685904
3794 1915 222528409
2323 785 222206984
2995 1322 222089029
1370 1222 221853278
3799 2247 221628196
3300 1607 221397176
534 105 220572725
2436 1730 220444978
4291 2470 219162096
4265 2979 218476676
3479 1775 218421732
3493 511 217569729
4128 2359 217298604
647 162 217225003
2763 2377 216004860
3810 1450 215612448
2008 817 215033300
3660 658 214876182
4104 1322 214337140
3375 3103 214055577
926 411 214011447
1629 864 213619199
1528 1203 213545294
2505 1146 213101249
1767 1426 212663966
3641 509 212551594
4305 4185 211379390
2793 2466 211264710
1217 163 210551807
4410 4045 209885150
1776 683 209156753
4351 47 208924203
1489 540 208889804
2050 301 208848255
1247 697 208556133
3943 1142 208434883
4145 1187 208235993
504 88 208078462
3419 104 207933937
2252 1220 207541547
2911 1921 206111950
4242 42 205896778
3855 1915 205755154
1425 986 205515454
3178 2824 205231773
4395 735 205077021
1732 1098 204120758
1213 380 203826016
3511 2939 202248386
1285 1083 201949949
3537 1152 201255636
4099 3870 199763896
2937 231 199707372
4398 3443 199292658
1828 1622 198564183
2258 743 198463823
3160 2868 198269097
1899 937 198242759
1576 1110 197801014
2605 1744 197676989
3766 1846 196815969
3497 2341 196808399
3957 3879 196397145
3710 1840 195416583
1562 321 195194817
3527 674 194698288
2450 2078 194155018
2941 1592 192794096
2903 2675 192245596
4372 454 192167513
2927 956 192076322
2717 1805 192049132
3335 467 190992194
1983 1363 190367521
2714 186 190078836
2755 934 189982314
3060 1601 189853103
1463 1240 188707882
3105 959 186963350
2938 1893 186818345
4154 3990 185891565
1378 603 185726489
1556 834 185667319
3324 2643 185601156
2740 2650 185147844
4224 3770 184355677
3000 1989 183850856
3732 1647 183698957
3774 826 182899439
3748 2820 182694074
3698 567 182604017
2600 2087 181796894
4091 185 180886155
896 277 180800289
2472 1632 180394589
1643 1331 179690331
2806 1104 178423220
4323 4040 178353317
4120 3806 178227550
3818 2848 178205265
2326 1413 178130787
4159 1366 178016218
3752 914 177727443
2160 994 177427636
2711 744 177345471
4011 3653 176938993
3216 1238 176401615
3242 2442 175891416
4233 2393 175826880
3414 802 175548475
1958 1672 175307862
3177 147 173711105
3681 3246 173120033
3328 1681 173106828
2712 2066 172978171
2885 18 172616729
2202 1864 172546965
3022 1145 171504163
1726 437 171220800
3272 743 171100513
1506 1265 169864989
3502 136 169678534
3475 2424 169600348
3600 2786 168130497
4384 3420 167463145
1472 1343 167032404
4294 2231 166815094
1406 1166 166362429
4227 1518 165471781
377 112 165184810
3429 501 165108446
3619 2933 163870563
3828 2263 163601676
4364 2417 163554793
2725 198 163316259
2917 1911 163185646
2064 1434 162620346
4337 3650 161859991
1259 706 161845253
4027 3384 161304770
3901 1239 160749637
4379 2256 159450235
3182 1529 159187820
1818 1756 158981432
3536 906 158452843
4359 560 157708852
3757 1876 157010698
749 281 156944892
4392 671 156821050
1208 2 156781449
4105 3870 156559686
1600 510 156523888
3052 2313 156299490
4066 1618 155815920
1082 981 154993208
3311 1722 154685608
3411 1167 154383476
960 893 154337623
3563 2994 153916037
4157 3920 152965634
3852 3480 152536649
2131 2042 151352837
3798 822 150872309
2194 1075 150495398
3340 2137 150192263
3169 993 150129584
1445 906 150049876
1433 72 149806224
3360 3102 149779041
3842 1321 149535834
3341 549 149136489
3268 362 146802397
3012 2277 146328051
4177 1501 145520399
4297 2677 145215407
3873 2647 145194785
3894 2738 145180655
2615 2373 144928868
2769 781 144192481
3257 1820 143382293
3343 1372 143291656
2040 684 143278185
3713 2735 143226294
3736 763 142365079
2452 2249 142259254
4430 3218 141850624
1467 1426 141486250
3332 2333 140563037
1471 1235 140001171
4212 3418 139832969
3950 997 139778511
2465 807 138587794
3715 2853 138476819
1072 421 137919004
3086 382 137889530
4166 521 137643934
3410 2213 137142481
1932 1005 136303822
3801 1631 136122334
760 718 135267219
3144 2384 135227773
2102 1515 134093745
1232 820 133745301
3074 2676 133610593
3422 1659 133254247
2234 701 132759227
3167 13 132658015
3130 1750 132580832
3296 1371 132459663
2722 1690 132368691
3119 868 131247070
4206 2648 131112339
1458 673 131098895
3874 2954 130872183
3305 1513 130847637
4331 3806 130825362
2826 1714 130206051
600 565 130161140
2187 1242 128525101
3285 769 128296948
2770 2173 127994597
3762 2527 126562974
4098 780 126141926
1306 60 124687161
902 565 124636713
1420 418 124623302
2673 2289 124547139
3815 538 123664131
3854 1123 123550004
3122 1560 123312771
2512 1545 123036319
3463 2349 122831241
2169 397 122344883
256 170 122236332
4302 3486 122054590
2168 1902 121467293
3034 2566 121461673
1848 1158 121452696
199 138 120953467
2458 2112 120352342
3437 304 120005976
2810 2287 119514458
3291 387 119080448
2174 270 118747268
3626 2067 118199696
3513 2627 117812089
3211 477 117617743
4228 2975 117175309
2855 1542 116515825
2444 363 116112523
1127 340 115987240
3807 2134 115941699
645 595 115887812
2780 875 115238504
3591 390 114719948
3926 1063 114381669
2573 236 113257978
4053 2980 112414168
3909 897 110383996
722 392 110094434
553 520 109927066
988 134 109731540
1951 1791 109301625
3226 2277 108576241
2838 133 108210296
1723 1651 107790130
3061 1184 107581542
3991 2653 106832869
4368 1928 104313362
2964 2613 103866815
3492 2820 103050566
1870 1597 102491367
804 424 102485380
4084 3420 102404425
4299 2393 102387591
3302 619 102122261
2715 1567 101225999
3299 1356 100536155
2743 2494 100293743
3608 831 100199999
4052 3042 99941090
977 527 99128992
3247 892 98875126
965 6 98732514
1766 1205 98435031
3735 444 97508036
3616 3440 96878235
2966 2910 96343241
2016 731 96325146
1946 938 96069997
2551 1218 95531785
3397 2753 94602455
2154 1265 92603381
3773 3631 92551030
1712 1244 92377859
2118 788 91188423
2604 1193 90438434
616 183 89793910
4277 1215 88855513
2443 2100 88738335
3721 1135 87894758
2835 21 87888749
2922 2612 87541496
3649 2282 87455032
4186 3273 87412847
3917 1395 87359059
3910 3439 87305295
3797 2077 86962560
3850 194 86729255
2579 401 86448312
2236 1743 85461257
3198 1466 84677397
2520 724 84485859
2262 1196 84357215
3024 1853 84309821
3362 1616 84219329
3923 3221 84042774
3785 1131 83971325
3582 3574 83387916
2314 794 83067519
4273 4170 81667840
3885 506 81241149
2374 261 80234486
1526 961 79883166
2138 1763 79649119
1281 185 78916844
3092 1688 78564150
568 360 78343284
566 469 78095476
1574 475 77676898
2594 2375 77238801
2891 1210 77205270
3987 2006 77087023
2617 188 77021590
1949 237 76920069
2447 2351 76804609
3383 1432 76395420
4318 1868 76307883
4202 4148 75791845
1490 1161 75783142
2198 1374 75771186
2758 388 74855552
4409 349 73869863
2749 744 73856172
950 843 73608306
1729 452 73386507
2140 1348 72998178
4311 922 72848428
3931 1279 71791735
3881 1518 71131944
1696 1632 70941801
3505 1170 69614019
3176 3091 69190086
1795 888 68616093
599 152 68565905
2568 810 68529544
2598 135 68249946
2993 635 68008782
1026 921 67941527
702 269 67742325
4328 3717 67678663
2108 123 66741728
3259 1106 65967077
3295 2120 65310278
3657 1560 64481519
4333 1138 64350471
3136 2661 63951544
1532 1080 63922627
4115 3127 63044660
2145 344 63039083
4360 2134 62717586
3939 2315 62632694
1925 1329 62599879
3071 2228 62525105
2694 1987 61942916
2956 771 61817592
3539 2521 61543253
3916 3853 61229963
1619 1010 61077359
3763 579 60769190
2045 215 60724784
2018 1519 59409506
4192 1879 58688518
4329 2493 57704820
4367 3338 57300871
3997 1382 57059800
917 550 56596681
2915 579 56231931
2900 1307 55679552
4280 3610 54997333
3674 897 54437371
1857 1547 54178993
1286 446 54168510
4354 2477 53869772
4216 3514 53751515
1268 1199 53626525
3131 2710 52854197
1004 345 51480197
2215 280 51187699
1903 697 51151446
1320 155 50939335
1624 89 50376899
1496 560 49908303
1968 213 49856355
2111 1456 49709964
4082 1852 48820536
3472 1436 48568922
1841 1308 48438007
4415 4199 48421235
2621 1061 48419979
2530 579 48132451
3498 131 48021935
4256 4038 47780438
4180 2773 47761361
4070 67 47483505
4201 2631 47211689
2027 363 45772204
3280 882 44683749
2388 525 43709970
4369 415 43283249
3356 2382 42887258
2049 730 42501427
3099 257 41922765
2193 1860 41388536
4114 1907 40995861
3975 328 40913251
2914 2031 40600441
2404 1926 40588914
3805 3473 39455427
3849 3041 39411228
2214 1678 39170819
3546 751 38902356
3606 603 38670783
3342 2339 38551676
3905 881 38447271
2146 237 36665688
3729 923 36611745
2836 355 36220878
2502 2317 36186145
3229 885 35853803
4341 3313 35059036
1062 383 35037959
1373 443 34796323
1052 302 34619174
2587 455 33189490
2535 1819 32842074
3320 1016 31748504
3239 1229 31571786
3953 1422 31542458
2159 1650 31064097
1277 497 30406068
4021 648 29814919
4035 2412 29130632
3510 998 29060982
2562 2318 28405974
2987 577 26329922
4356 204 26041098
3321 2689 25812487
3832 975 23879411
1538 390 23512801
3036 836 22791944
1869 1031 22626470
3145 2990 21768895
2241 1408 20441595
4275 2484 20204103
3515 223 19869164
3971 2908 19611088
4237 2204 17908705
3004 562 17784681
4136 171 17378702
2861 405 17278283
2091 1944 16954680
1270 14 16926049
2062 1737 16601817
4315 847 16161814
2999 728 15896122
2172 2157 15849603
3192 1194 15551004
2863 1762 15368030
2255 932 14601940
1517 695 14398639
3892 333 13980629
3941 3171 13616604
2818 1851 13411922
1421 626 13257553
2723 382 13071233
2719 905 12653542
3179 206 12579978
2586 1816 12363946
3758 3529 11779124
3199 1199 10366611
2860 1256 8836356
3153 426 7987504
3804 3760 7863997
2322 1256 7174263
4257 1994 6615368
4272 3598 6434331
3270 2353 6220280
3462 2189 6109101
1715 1173 5650437
3768 3333 5603695
4156 2765 3320000
4240 3664 2792753
4327 1757 2607705
4144 1170 2577669
3932 2073 2399467
1844 1262 2247504
2926 626 772773
693 499 466301
3200 489 175364
4158 2405 55946
1 3792 1115
351 3516 436991
141 2606 473082
43 594 639897
1992 2439 1004115
680 3709 1041481
37 1045 1964940
1325 3339 2023460
1586 3310 2272363
1008 1448 2416797
533 1358 2429869
1585 4247 4041284
1329 2052 4345471
364 2593 4638592
892 2662 5154824
225 1058 5166255
1148 3623 5323334
911 3503 5357479
604 2871 5377946
470 3827 5459208
1132 4175 5760708
2991 4024 5963937
152 2865 6031953
439 699 6881918
175 4211 7059234
132 850 7482102
164 3876 7763939
1845 2909 8864908
536 3958 9014215
4197 4249 9335377
2353 4406 9424040
1852 2410 9648427
1185 1236 10050777
1781 3982 10370764
2886 4155 10845715
2133 3764 11121112
498 4382 11280366
1123 2808 11280805
3058 3228 11373526
3337 3467 11402468
2235 2244 11811559
691 3477 12153383
3143 3779 12909540
1428 1682 12947778
1842 2350 13421434
1061 2637 13567460
119 179 13969164
32 3348 14012446
1147 1365 14094528
711 846 14571809
1341 2642 15150959
1980 2873 15735415
2129 2149 15840194
665 1880 15973398
3743 3967 16234682
163 2068 16548941
2415 2464 16640959
3668 3952 17683857
3858 4050 17730706
1804 2974 19252464
13 1296 19368404
2329 3625 19501497
2071 3154 19508344
83 3651 19701636
613 1533 19994978
231 1603 21342625
2192 4244 21394218
429 1227 21618658
2338 3266 21948928
1610 3826 22468403
1816 2167 22716028
1584 2455 22914220
2841 4194 23410918
2060 2239 23644550
2789 4072 23881334
1251 3157 24140556
2150 2558 24277775
1546 1673 25751271
1316 2017 26018357
1922 4290 26367785
1048 1332 26665935
4 2117 26879960
797 3988 26935625
2047 2795 27345736
852 863 27373938
1149 4129 28520895
1219 2674 28667204
2285 2399 28783247
649 3581 29314029
1853 2840 30071254
882 2688 30135815
1878 2798 30385478
692 3489 31742988
2051 3430 31827112
2703 3875 32127837
563 2383 32151172
762 4168 32173516
2179 2685 32211888
3082 4089 32417015
1444 2109 32513284
1525 3830 35638475
1459 3597 36366376
2075 3508 36944882
1735 2560 37409029
3331 3400 37449916
3015 4229 37568000
705 1655 38657750
876 925 39797996
1762 3840 40159075
417 3274 41273261
1450 3686 42057672
1341 2997 43319143
303 316 43946070
909 1129 45237172
2492 3054 45328114
823 2761 45393002
4059 4334 45562557
1995 3646 45885606
848 1990 45937200
369 2095 45992141
2686 3044 46288953
325 1328 46487200
2569 4150 46735121
30 3704 46854530
1316 1817 47867956
95 3353 48227337
1578 1620 48454346
311 2590 49092142
337 2479 49268150
1388 3739 49642802
2311 4127 49839311
862 2396 50098225
1339 4018 51335226
159 3772 51615595
1120 3672 51656840
1324 2267 52967909
3558 3737 53352408
1621 3151 53901682
2643 2783 54902710
1912 2004 54905512
744 3347 55129953
678 2968 56033010
862 919 57158530
1650 2361 57264083
515 4060 57570090
153 2126 57636930
995 3062 58153599
1348 3555 58241392
3240 3557 58651085
1033 4056 58672228
2056 4271 59064031
1235 3534 60024608
385 1042 60341062
611 1488 60505394
1215 1369 60698112
135 530 61244204
3008 4252 61751299
2074 2811 62279879
1714 4002 62812357
618 1474 63207027
2739 2943 63949383
930 1834 64861913
2277 2585 64917013
1829 3907 65125919
2390 3902 65161774
28 1580 65264905
52 857 65595097
1224 3517 67052849
1248 4013 67097069
154 2869 68030204
1811 2083 68044438
38 1385 69182568
439 2607 69187304
1067 3862 69376263
2338 3137 69437540
1708 2032 69510416
3330 3803 70069573
1383 3903 70998425
756 2750 71220508
817 1733 71522918
1112 3647 71880066
1455 3289 72647388
1050 2821 73690427
1190 1583 73745092
3056 3261 73998518
180 3841 74129188
28 505 75042439
1976 3172 75633099
1015 2206 75889277
733 4428 75895013
2670 3740 76287037
2392 2528 76764182
2421 3187 76915319
1006 2843 78642953
1014 3572 79149895
3245 3699 79285057
2459 3915 79858710
328 2792 80766799
861 1527 81107357
2899 4107 81123275
1548 4391 81127158
329 4320 81487242
2423 3212 81595198
2866 3303 81960679
1099 3596 82534275
1301 1916 82827435
561 632 83830411
791 2005 83938196
1301 4339 84249075
1906 2982 85490219
2429 3656 86265249
2310 2696 86492795
2754 4245 87029508
1597 4295 87622293
788 2913 88211532
3544 3701 88727949
837 3659 88847032
1376 4371 88927760
1220 2880 89010926
118 1665 89689602
2010 4090 89744589
2998 4268 90418929
678 3428 90601493
1242 3571 92369572
1521 2772 92495943
1522 3095 92710237
1156 2730 92772656
1910 2513 92902231
2416 2536 93087213
1778 2691 93539262
569 1037 93562762
2067 4109 94246203
3561 3683 97481020
4101 4122 97805223
592 972 97809630
2684 3366 98445440
128 4316 98832767
261 4121 99017547
154 3112 99325973
958 3256 99417142
1577 2764 99430868
170 1594 99869068
1120 2161 99908298
914 1334 99926883
1135 2130 102065521
609 2935 102251364
578 741 103174499
1086 2638 106694070
1825 3355 106723970
2542 2828 106945802
1079 3618 107577016
2022 2706 107675268
3561 4340 108061494
83 2923 108086657
242 1137 108114026
138 3470 108274616
3391 3891 109192865
1356 2461 109657006
2362 2503 109662733
42 4370 110435025
353 3994 110524547
20 3090 110627317
143 610 110781932
1747 3471 110806328
3035 3217 110807293
536 2119 111710477
2545 3053 111788789
1224 1494 112208817
1366 1485 112701854
4149 4404 113807098
3365 3964 114146697
2325 2952 114201776
3149 3387 114445232
509 2029 115100163
1631 4377 116750327
441 2679 116872648
2698 2748 117105016
1188 2518 117452484
1984 2164 117468681
338 3469 117739837
1461 3904 117761824
92 4203 118239038
488 3325 118401466
125 1292 118731998
1022 1935 118937050
224 4424 119666122
290 2510 119941459
2327 3298 120103926
3989 4350 120407210
577 2290 120817667
242 2878 121551697
2242 3120 122803062
2576 3248 123695103
1111 2599 123815548
82 3048 125809827
448 547 126357509
1344 4393 126580727
1170 1894 126853053
2034 2777 127056863
157 4411 127649478
1853 3978 127871773
2275 3538 128361385
585 1705 128528787
3604 4230 128828781
867 2059 128866126
448 2645 129394327
4317 4366 129914942
1564 4161 130681426
1720 3644 130809224
529 3602 131020518
3251 4034 131205490
2356 3856 132382215
1892 2705 132800185
253 4222 132899650
2144 2864 134120375
1198 1742 134702755
1728 2153 134789928
506 3603 135305974
2631 3380 135568227
10 2219 135812762
1172 1954 137169712
550 2523 137186593
221 4234 137196974
3333 4375 137200786
2003 2387 137620197
1813 3880 138215369
1009 2334 138431880
1269 3945 138562971
3588 4196 138857820
3079 4287 138869490
3587 4046 140587542
999 3499 141426662
2879 4285 141817113
651 1755 142053037
135 933 142293770
1716 2474 142664599
3456 3800 142741900
332 2517 143494487
3364 3963 144438594
412 1040 144605256
3064 3432 145396378
598 2411 146007792
1757 2440 146507710
2199 3689 147288431
611 1118 147527543
927 1117 148224009
1209 1701 148235212
1582 1746 148498708
2 3678 148814284
424 3911 150164834
301 2571 150938070
1966 2972 151363648
1003 3506 151946415
387 4397 152963560
280 3753 153360938
1221 3590 154245199
1922 2057 154323976
375 1102 155001485
3049 3461 155144322
606 4113 156176693
3951 4162 156263952
2491 4032 157639400
1821 3084 157645826
299 2425 158224915
145 3487 158860974
2355 2496 159133665
643 1315 159199987
708 4189 159549007
2531 3921 159667849
392 2731 160235744
1263 2907 160818734
873 1929 162009044
2482 3322 164544981
3981 4014 164587956
166 4347 166257375
1845 2591 166600583
2369 2635 166758988
3190 4135 166904975
3369 4036 167830679
3252 4103 169032889
1033 1918 169256378
968 3457 170834956
2704 3845 171455755
1804 2308 171919373
3501 3524 172166787
3844 3962 172181112
1032 3595 172766706
2276 2882 173167395
614 3694 173430977
1251 3287 174873088
1544 3361 174955344
1085 2143 175152235
2345 3276 175183245
1917 4025 175939434
1153 4286 176725734
1171 1797 177262855
1491 4009 177357476
1575 2669 177442029
3486 4079 177446583
526 1440 178225198
2294 4039 178440461
1010 4324 178641273
2288 4057 179128851
590 3059 179209766
2921 2959 180126909
57 210 181034950
2504 3409 181077119
1164 2272 181896258
1386 3025 183959697
2687 4017 184712256
2299 2634 185652463
1032 4296 186939893
2155 2852 187256758
2491 3262 188213247
1108 1579 188767041
3304 3351 189192904
3378 4100 189633966
63 1663 189699194
1801 3908 190590869
340 661 190613653
1875 2026 191193978
212 3622 191424643
1699 2445 191613078
1063 4253 191788566
3839 3935 193148795
425 634 193375182
52 3254 193575166
421 1028 193581157
136 496 193634138
778 2747 193657843
503 3236 193717259
314 1888 194220744
2281 2839 194509919
589 2500 195105888
1565 3219 195500546
2419 4037 196514944
1460 3368 197394831
2151 3860 197729737
184 3207 198315985
2256 3745 198551380
2349 3638 198559956
1414 1973 198728799
395 4008 198833850
652 1914 199536685
1382 2620 199575772
1777 2977 200358957
279 1280 200671505
941 3569 200889437
312 607 200902943
1753 3777 201071056
724 1508 201670107
2951 3696 201698180
2025 3708 201773416
497 2250 201932008
3143 3466 202394805
208 414 202720437
497 1400 203627091
268 742 203925033
4020 4282 204328638
1670 4012 204624602
544 3645 205117738
659 1484 205139857
593 1342 205599003
1138 2185 205675740
2800 3722 205691304
595 4358 205710022
1623 2200 206163942
1675 2197 206435031
2690 4126 206659241
2021 3265 206730763
70 3789 207548543
266 3040 208032000
1686 4000 209270855
2335 2394 209530991
2595 4225 209829825
1093 1531 209841116
736 1291 210379185
739 3408 210900830
3393 3459 211532318
1639 2448 211722890
2434 2708 213367063
3379 3776 215600214
234 2076 215824427
3558 3914 215850417
164 3196 215969741
745 2253 216601128
352 478 217236096
1383 3039 217377663
533 3464 217669408
546 3163 218094909
1738 1783 219216360
31 2184 219658857
1307 3116 219969052
494 2948 220236436
1447 3820 220236619
427 3566 220355879
836 3548 220822727
2333 4355 220954938
851 3980 221055696
630 1419 222154245
2751 3055 222693985
2237 3398 223483903
4207 4292 224360651
1125 1178 224416179
1956 4322 224766781
912 4063 224931089
464 623 225335228
1077 2217 225484206
3043 3556 226278354
982 2293 226376447
1821 2397 226551185
2856 4310 226620092
4389 4413 228004153
673 1653 228891465
1132 1948 229320020
2321 3007 229454642
1628 2058 229520427
2254 2883 230026103
912 3396 230644667
2115 3068 231817469
1542 1843 232165627
3552 3954 232528931
1669 2454 233082075
942 2877 234098208
1605 3761 235273922
2279 4298 235391371
347 1769 235395465
3023 4293 235581661
1786 2048 236112532
2330 4163 236786433
1393 2291 237445452
750 2538 238048609
372 646 238050133
915 4133 238291567
606 1859 239458948
9 165 241251582
1747 4270 241660637
1456 2663 242044744
2367 3883 242186973
112 3607 242488253
1821 3271 242703007
2256 2854 243495304
52 2181 243678154
595 1424 243737995
909 3788 243756219
2171 3129 244349076
1775 2823 244496066
392 2544 244582728
1372 4064 244981452
1541 3107 245285204
2933 3628 245386258
1478 4325 245608745
3003 3669 245931959
625 3586 245941652
759 793 247422111
2473 2680 248148603
2555 4165 249028439
494 2609 249243621
2832 2916 249430399
524 2039 249519349
1552 3999 250150659
1722 4289 250488672
2192 2532 251075272
244 2759 251651304
2546 2872 253448712
273 2274 253613934
216 3399 253670791
2485 3716 254261725
410 2319 254636792
780 3605 254723218
1598 1770 254944830
1036 3824 255193584
1005 1758 255217277
800 1634 255347053
1132 2889 255838991
714 1507 256186522
268 3367 257193215
184 2902 257278249
2073 3010 257967291
1067 1649 258746501
552 2744 260129251
116 1809 261024089
189 4030 261335059
1749 3174 262905665
120 2009 263587045
2994 3225 263842075
2683 4321 265676866
1662 4221 265739097
389 844 266554100
1159 2947 267088992
1194 4267 267880541
1354 1955 268547028
445 833 269195921
2278 3066 269916464
685 1410 270429726
3544 4171 270584326
17 787 270699327
2034 3786 272532466
156 3500 273657605
878 1312 274638921
937 1872 274908244
2276 3050 275322511
1021 3336 275340055
1730 3755 275582740
1545 1960 275934047
1041 2610 276355938
166 1713 276485596
2099 2969 276511484
946 1535 276727408
1942 2065 276935085
1922 2406 276949317
3308 3315 276960373
785 3684 277571371
2767 3934 278857929
13 2588 281296759
2056 2093 281494004
1013 2094 281608051
1839 4106 282351775
1967 2809 282354086
42 249 282437445
1266 1897 282861561
2249 4235 283050153
3578 3687 283315393
24 3415 283353720
3851 4288 283471922
79 1858 283789868
59 514 283838840
415 1784 285233208
432 774 285692310
557 805 285948452
2531 3152 286581828
38 1482 286824644
1830 2191 287849801
1469 3329 288038289
2310 3685 288190721
2477 3621 288631682
940 3974 288737526
1826 4164 289484075
1080 2695 289829436
676 4423 290168963
1294 2905 290206776
520 1411 291485196
1083 2030 291883840
777 2893 292492887
2830 3096 292512194
149 901 292804504
3775 4061 293036271
2629 4051 293524758
492 2543 294638490
598 2433 294654997
1029 3707 295355927
3078 3485 295489056
2876 3961 295828634
214 2519 296508980
1863 3554 296701051
3912 4108 298419840
218 490 299601275
325 2386 300108944
1794 4044 301165937
947 3006 302017100
15 3227 303586831
2078 4250 303897736
1360 2778 306110286
364 1998 306132418
82 288 306374105
182 3583 306402155
2178 3141 307818350
886 4140 308525567
535 4092 308561735
918 1827 308590111
3049 3204 308871109
432 1437 308922653
649 4001 310094824
2338 2381 310295800
1011 4260 311612300
257 1057 313261365
2305 2462 315192802
970 3838 315259132
58 1991 315371831
3344 3928 315570969
1165 3599 316439838
1668 3093 316589740
1200 3156 317536984
876 2177 317727431
2011 3376 317793447
2483 3998 318532501
1743 2015 319784064
821 1588 320192908
1831 3781 320497714
1265 2324 320576537
203 4239 320894842
953 3579 322195927
2501 2904 322888732
732 3381 322986097
2231 2898 323350141
3267 3520 323376928
2463 3979 326814536
185 1140 327169964
419 3829 328070820
899 3433 328101652
501 2471 328378048
1347 1950 328413262
2786 3474 329363477
3540 3637 330060707
619 4332 330919139
122 235 331664144
3564 4374 332261633
239 476 333982251
2247 3765 333998729
1804 2435 335211330
579 3816 336209933
1497 3624 336742107
1323 3175 337935600
1481 3442 338260452
1136 1947 338939999
1174 2260 339623474
2991 4335 339888184
482 2988 340375929
206 1539 340406781
911 3837 341708615
1855 4269 342904246
3946 3976 344541065
2336 4279 345256834
29 400 345771307
1112 1898 345885941
2231 4095 347282261
101 457 347755183
810 4028 347814877
2364 4210 349200578
654 4132 349768220
2437 3893 349972130
44 393 350923063
681 3194 352865327
186 3132 353448935
2677 3507 353629846
872 3183 354508884
158 4111 356228167
3731 3948 357236155
2337 4071 357563742
1124 1483 357740514
1165 3029 358850510
723 1300 358922612
1325 1495 359392377
128 309 360705284
2603 3993 361160555
2353 3222 361947013
28 1059 364604988
1115 2664 365656637
266 2300 367345629
173 3720 367548690
1700 3017 368642448
1782 2859 369172209
2801 4283 369604541
915 1751 371386693
3234 3319 371899885
263 2597 372249283
384 1549 374280330
1786 2469 375352588
2359 3887 376524673
3377 3504 377412960
3394 3496 379013162
2978 3969 379034286
1401 3942 379046519
2601 3593 380298948
151 4427 380957751
117 3545 383284125
1641 2668 383531892
1812 3518 383899894
1525 2125 383963435
194 1094 385219745
885 3309 385821033
927 1658 386249065
2887 3260 386516849
967 1449 387967937
2182 3933 391124751
734 2014 391186418
1096 2072 391650137
854 895 392700246
2580 2815 393426344
2622 3412 394352280
1798 2116 394684926
3058 3675 394908967
789 824 395086271
631 2985 395117575
711 3542 395498090
2132 2822 395597392
2420 3848 396379317
855 1850 396405019
2552 2671 396984198
2216 3983 399664980
1952 3872 399777060
717 1116 400356520
533 1336 401961862
62 2592 402558858
475 1640 402698517
4080 4396 403846308
905 1591 404489990
3484 4179 404518959
3166 4276 404754742
3076 3936 405004420
542 803 405379724
2413 2752 406518775
1836 3744 406706223
981 2728 409383626
3363 3526 409509844
1148 4412 409894810
1904 3730 411286047
735 931 411633118
1697 3778 412168326
979 4419 412783828
1384 1505 412911586
346 2539 413934144
935 1233 414573036
45 3719 414953170
870 3037 415312367
2136 3282 416384183
1169 3434 416705660
861 2043 416881533
485 2298 416894285
493 3094 417278088
356 3195 417519293
2112 3648 420685392
2395 3401 420822433
937 3150 421555294
147 1933 422781280
3867 4383 423088840
2073 3589 423568738
334 2874 425472737
1212 3051 425550498
213 2156 426904582
1216 2303 427925890
2261 3864 428581224
1322 1871 429257589
2368 4274 430271950
565 2970 431371477
1131 2428 433002223
237 4055 433605600
2837 4387 434519869
1957 3528 435141217
814 1822 435525147
2084 4338 435566307
3814 3913 435759730
104 1709 436636659
2595 3863 437141290
2400 3209 437460832
725 3695 437841349
1881 4096 438292829
376 992 438638915
862 2757 438900048
1765 3977 439339764
1362 1865 439955205
1977 3700 440604266
792 4075 441199285
3944 4306 442066295
1997 4146 443137238
716 3350 444049650
98 2264 445419831
681 2268 445865211
1904 2570 447013067
2467 2575 447393481
949 2090 447695224
1156 3326 447871675
1113 3535 448230509
40 2224 450719233
1593 1774 450843875
3016 4421 450846745
1479 1630 451306600
225 3403 451590174
4062 4378 453625293
2441 3793 453626756
1668 1736 454785086
1012 1721 456821146
2955 4005 456888031
1451 2659 457443514
2652 2845 458092826
559 1387 460016022
1741 2760 460383989
361 3796 462164484
519 955 462802374
2468 2973 465142221
3671 4399 465256063
2284 3787 465312478
69 3354 465652687
1326 1571 469086600
1085 3577 470816315
187 4376 471690926
1379 2414 473327733
1518 3202 473913380
1016 2888 473974236
2559 2651 475043675
1099 1727 475459090
3521 4365 475467866
528 1595 477128694
171 1885 478549365
1475 2506 479006083
1160 1785 479470247
1905 3253 479522588
8 2639 480793111
1175 2619 481564849
3155 3759 481734851
33 3128 482544045
2012 2233 484162301
924 3750 484433999
596 4388 485697736
1427 2890 487517911
648 3746 488310086
712 2666 488430105
1611 4124 489100345
2563 3900 491054591
2001 2920 492180607
3101 3111 492246380
3453 4173 493367703
1716 3742 493676697
1331 771 1365174571
1985 75 1221746708
1904 1587 480249239
1234 91 1170458354
480 445 1147776570
2128 458 914360542
1274 1000 910648069
2360 324 1126928037
1366 1064 897558253
1989 443 974890266
2497 836 896059160
91 24 2011472826
459 20 881190226
1413 1106 856046975
2137 1405 836328804
907 736 776847808
72 14 771126587
39 21 757052479
2393 2238 780680170
163 104 753717218
334 14 675352725
683 449 1088271137
1840 168 1085385992
672 16 1131559065
1674 973 928898119
2196 417 918366134
837 10 885179711
1557 395 884200553
2183 1070 810722441
2280 1652 779625481
756 177 774014498
3634 1009 739170839
743 195 797492911
986 934 735792052
1282 973 734250484
3879 1392 721032273
74 71 704253513
906 538 670941233
1982 245 669749868
59 22 636923776
802 597 630104690
20 14 1413654617
375 291 628191772
1846 1113 623654574
3443 11 622070876
2097 1842 618799433
2022 110 606360031
3098 449 680312401
1353 970 595575032
1396 483 595503717
603 57 595426463
678 332 594868149
4065 1563 703997179
567 375 820004831
1661 138 674573086
2042 1823 630500295
3870 2626 579767572
2807 218 578084768
153 100 545880785
1321 334 544857523
2080 855 544355958
231 203 542789869
1501 650 536107017
1403 87 534488319
2405 764 530148909
1915 681 522949452
485 253 522538945
82 58 496705242
1416 1008 877575862
948 664 833134939
4045 2774 685135833
936 649 662631718
399 160 521929872
2665 2207 493072515
124 39 480638285
914 454 480244780
2341 652 479219927
674 61 467756947
715 306 467067034
151 47 462370020
160 51 1359847387
638 409 1113288014
465 381 991999099
1173 626 826205604
1089 347 824956552
3171 2301 804018078
2735 2541 804392683
489 366 700744449
2046 1753 693260151
446 441 731928764
1158 3 790851207
1051 897 684288168
890 518 626732259
996 540 623224427
554 251 615533266
3386 3317 536032728
1250 244 511086830
177 99 990515964
1789 695 509441083
1585 181 486309722
1130 1095 485969136
1578 1066 455141086
2332 186 444431073
873 854 442456887
848 577 434225820
3653 29 434024397
748 80 427146214
104 22 566085782
4059 961 420688846
439 164 416472781
1829 1384 413151230
671 463 410510339
88 71 409731700
1048 588 408765948
626 308 1081055603
337 162 407493245
1238 264 401748665
2277 2115 400998220
1329 221 393561241
3661 266 393214013
280 153 392956343
870 266 385858881
1146 626 705890333
411 68 537338477
1149 1075 439104335
1219 843 405238507
1301 1104 366057969
858 93 498910810
499 431 363847598
2684 2613 362615203
3102 667 361564231
1187 954 359836997
427 25 359024111
2055 155 567431420
1439 314 558251313
4185 3091 529159920
1426 738 514305306
3604 1964 354334356
359 21 349076170
143 42 346257252
654 572 341911993
2098 695 536677329
424 232 576284303
426 295 460777360
1356 696 337567417
1878 1544 337437564
1741 1076 335438395
1126 130 453090794
401 117 904016436
1831 768 333785489
781 480 331263589
932 772 330366946
1203 1135 328929463
2079 585 326850694
1577 928 322670959
766 164 320846183
141 80 311556392
1235 617 308999633
854 378 596570658
930 386 461891611
2363 493 461261191
1269 64 304981951
301 275 297055542
417 53 906951641
682 78 366606554
540 211 353296326
1142 442 281291721
697 295 321525962
3751 1804 278442895
2189 1741 269955702
624 267 244160835
565 347 236096906
1240 1084 217578656
3481 3370 216527546
692 511 215787748
927 620 209521086
1019 792 602268090
159 31 444333272
1339 483 253868723
1621 1104 220930563
1324 903 219440074
1384 412 209085825
433 79 192404116
823 137 189004721
1033 301 183013839
1262 612 384439117
2209 652 287187899
962 230 284382686
2066 1359 276161796
1086 916 267398369
242 26 252345079
83 52 328558594
994 612 240375656
725 361 223045958
2003 88 216153782
2355 2246 212437905
2369 735 211582817
145 42 200229340
981 899 190740185
392 365 174060968
510 73 154887374
1186 733 150655547
2550 1763 128985785
1079 920 128366096
549 87 116302771
643 503 112747124
1819 871 204317352
166 8 101185604
2307 1945 358415848
855 669 127922441
170 128 92361425
1747 1497 90759659
3108 2021 88975968
999 123 73380013
353 98 70474764
2 1 69351698
717 18 37817862
2318 1184 18650427
3301 1698 17463490
1405 216 222540840
135 125 10053527
958 849 8531638
128 5 86256619
180 156 336788445
261 247 330994033
58 40 289111398
3483 1225 682781
98 44 252619771
864 115 175647280
649 46 409281998
2887 480 179932000
2339 516 172421918
1325 192 167370500
351 306 160201257
1700 983 154481893
3990 3519 495013842
37 25 151109399
1757 674 142072695
3 2 927441182
117 34 858019023
237 143 137102615
1926 1157 304044586
2400 1626 134269734
2908 2649 129253494
194 158 128056700
3082 275 121029885
563 38 106993546
2075 1931 100162769
347 73 356473486
2359 557 209278759
842 193 97796650
1735 1569 87496690
561 286 83565309
43 35 81584116
380 27 77999709
1704 669 77556422
762 458 76893596
321 59 61668992
385 358 52855702
2096 971 52708240
1912 587 47596323
1199 545 45548385
266 29 515892627
2261 56 39278851
2765 1812 39067022
1113 390 450595472
3834 160 37068191
2284 1354 35194683
2489 242 34006565
2801 1694 25609963
187 186 24765534
814 738 23492237
2868 2720 313157995
2074 456 86258710
2686 2112 22755221
263 167 21788200
1450 721 20623916
1668 654 14853813
2358 1873 11739022
1124 930 92331056
1765 1367 8243925
3377 258 6289355
1436 575 42164351
2745 1372 5994430
695 204 1020986805
1921 1750 404770
14 3 3343052609
1944 1154 480902464
319 206 401093965
1737 515 364817823
2346 1363 271446322
405 51 218836807
44 15 193583238
186 152 93495684
681 518 51774094
1287 1262 46035685
679 579 387834067
1 5 47322894
3103 1867 1106285599
1214 710 852050600
1861 1289 851453647
205 171 827568828
379 192 825951839
1371 334 829613007
1962 1311 757488173
29 18 692681807
1139 799 592484997
1852 1650 584173623
3703 3440 580437657
164 115 626251640
1730 1693 572942263
511 97 813260479
397 275 569955756
6 3 545449582
2687 1646 528815944
162 71 1116270172
817 437 490438702
1185 138 464286123
797 219 450155075
579 356 679655036
4197 54 395472319
1610 1599 368215014
1441 155 292015437
1720 1348 260293543
2377 1984 269347403
777 351 145889532
536 41 73512353
1251 512 25877572
1010 442 137553484
2150 945 95192713
3057 1545 19636370
1497 365 14584524
175 120 475764844
219 145 477089127
356 150 463137587
3395 1220 366322230
3080 795 706736310
1873 966 514179932
2133 1687 382222143
2886 849 241583695
498 211 13732956
1064 740 104393713
3267 246 7323695
1239 226 1094508114
1123 42 524111259
2235 763 178567013
3337 1251 147556132
203 157 251922331
2858 1243 73974684
710 658 896647596
3143 2124 135179905
2287 1288 428386311
2129 1799 364103161
963 649 357727161
32 10 291844969
1980 1231 274645720
51 31 1010609406
1106 311 836317764
119 32 349213031
2415 1816 750328191
970 854 236315213
2247 1804 212684386
1092 250 419495646
3930 3705 403319515
105 58 235320233
2329 255 317291127
4336 2608 308174527
613 367 238650640
2979 1110 238443892
1923 392 352336178
580 305 210843102
1804 1714 195447707
2178 1924 30103991
2470 243 440836977
429 171 281454126
2682 1287 211876679
15 12 117788759
2875 1134 475350172
3331 344 373612069
1816 278 744248954
705 613 179266600
47 25 254930357
3727 405 537836786
1152 204 223047040
515 344 203600827
995 539 129415389
1811 1390 11094988
733 157 728615809
1805 1457 444497584
454 166 699443909
1644 339 395841719
584 544 406194021
2675 262 354874379
2527 335 286335974
956 834 177362647
1455 567 141233196
1050 894 118208481
1190 204 116317839
940 88 102183880
3056 406 38877434
1469 58 6168160
368 154 224285892
557 437 393890413
2670 296 389019207
467 236 328906078
1763 1473 191899821
415 238 20028344
24 7 2137720273
2421 1518 112471978
42 35 635902568
1893 1794 567100934
3245 1343 398909779
1014 415 382832991
2866 1397 286899628
834 99 159694469
2295 1361 148705438
294 134 870380014
1551 796 811146567
115 3 1537673769
1632 975 672950364
2650 2203 568721080
590 159 551357526
323 181 951926005
2010 690 713711702
2087 1613 666378558
2820 788 562987154
216 103 532257351
1521 835 269958894
1964 1943 337437633
2797 2376 216503660
2998 1348 122940576
826 394 59210207
1220 49 250767105
1021 467 46463546
17 2 148441131
2034 500 45398858
2310 1297 39294103
253 96 564038796
445 150 808743148
1462 139 689360479
1104 666 1238791267
3806 1176 657712665
2848 795 47676307
1297 953 37819749
1376 65 27759645
1194 253 10594389
2963 2208 424346644
788 97 715869237
1597 1558 64431028
2371 2305 731677706
120 105 413244915
136 126 323684083
3847 1743 515015658
2424 746 375635142
666 649 1450511122
441 150 460075505
3149 113 169885096
2165 1902 86259672
1143 208 16293764
1145 132 68891027
2753 1076 120814498
437 392 1129140092
3365 2269 71416592
3445 1875 534631226
3441 1667 461881714
1343 587 676649293
3420 1399 370859567
112 1 226899052
3989 1176 301933330
2327 2 276041433
410 136 198502631
1900 767 172300458
244 212 471629356
2485 1931 145094323
945 870 106380513
2910 2349 58556130
36 28 38901040
290 41 19842308
2832 191 120977434
577 127 482942068
2555 810 89250286
3384 703 864179824
3346 1540 725410720
1434 546 448572555
1161 1007 374559359
585 546 518071050
55 20 283913560
706 365 229818424
1564 510 128107663
3032 2175 70498106
2275 674 68937614
1372 1284 55825940
2171 2163 203549157
4317 1668 29535596
2417 758 464046288
398 292 262315528
52 34 155227916
1344 104 138897589
1911 1443 190047514
157 104 1061621018
2367 523 246273994
1087 670 779709546
1284 1184 807975313
3104 340 774248998
560 93 675231521
1756 779 547665170
550 386 268504823
10 9 1401274210
221 112 441522474
372 67 153932142
1876 1706 70144366
750 93 38791342
343 91 137560795
9 7 1389505185
2135 2114 325732986
1542 1067 61399009
2115 139 404186576
2980 1452 60112664
3220 69 174930576
412 18 364851006
3364 1204 115404202
1913 144 571107811
822 340 175442077
340 59 918049779
2199 351 172130386
982 542 167577750
1075 95 151031224
3480 2101 443646032
477 269 166037218
4207 3714 152027609
544 345 475595320
293 107 803644801
684 114 303107309
763 285 357809616
3884 439 92087899
1063 676 74839381
31 15 1140035217
3501 626 9737683
546 85 1036886710
1031 435 38543517
3897 1226 146988627
614 439 260792336
1544 304 421629634
2434 1242 56911012
63 16 637832259
1807 331 801737172
736 441 427847972
997 725 379245046
3486 3425 356988693
1093 385 74651265
3046 1937 330081366
1153 94 206238756
1575 1383 137947053
3418 3345 80383831
2853 1641 203498761
2438 1578 191362182
2921 687 100617446
659 85 66619858
4020 236 238841630
3113 1919 460684438
1750 1717 436443366
3170 2678 411997865
2648 404 378831570
701 286 283175172
1690 1010 279127510
314 300 658859459
3839 2701 241617863
1753 684 235225142
2419 173 194402545
3249 1367 189246334
868 737 120539298
1382 658 145309739
652 329 293434463
718 346 517540681
2844 1461 460821381
2213 1719 278554719
2954 2547 185012261
1414 455 79293243
1461 866 442231296
1002 947 56000699
2676 672 461282820
2746 929 307235490
212 175 747762501
820 131 230751512
1875 1627 590197041
2384 2283 174936765
1515 1304 166919395
3118 103 980388491
2552 2028 549591008
276 9 915736001
217 122 755747865
1191 132 745736882
1509 1447 723892716
3693 3663 596605010
1895 1642 945338052
2971 2019 888023773
1927 1842 809399552
1080 723 681194026
542 378 631227497
531 417 603312239
673 471 520709527
1125 1053 344579333
875 642 517808171
1633 1390 316006621
1261 726 465452346
395 12 1160019818
2657 1581 421802632
2349 1297 367306835
229 97 183480800
2025 1480 147748144
220 18 128468556
836 694 1013154663
780 27 297062635
60 16 498997130
1670 887 248380515
35 19 1167969892
3263 2569 512118187
2800 416 10461506
538 5 773352248
1808 802 705261681
3275 2060 633584137
871 225 811652583
3312 2641 544623132
3379 1375 172351100
1560 1245 485059710
2021 1167 239466099
2286 1113 348440028
2335 1669 119117144
739 238 235125888
3919 636 779448351
138 47 1241389171
2566 556 600859361
324 175 1676295955
1598 1177 202855394
2112 498 17314157
518 263 68115872
304 126 826293580
730 388 134040486
1447 451 863169661
1195 219 612245336
1941 1860 458350778
464 380 428143257
2401 2320 372550412
630 227 234495575
851 772 168926126
4389 1597 31123134
3064 1703 15205589
225 107 410185827
390 87 341557565
132 104 291247606
16 5 2217477731
3390 1351 571798192
2653 2044 488970761
1651 171 148534482
134 60 1103637815
1791 331 382180363
1009 794 840182423
1667 239 781493596
1813 775 163212889
2613 1362 894031518
3042 2726 289158467
738 42 855559002
720 479 690259122
1395 862 583266752
2077 455 548056633
3091 1611 927338786
2282 448 527822819
3439 3297 521157873
3615 2211 281972600
4226 903 132569570
62 48 106064637
21 16 1255900223
1135 916 288110476
2259 2098 748549061
831 541 367955055
2494 1602 151270000
1264 62 128930600
527 209 522599423
2724 1902 584149303
3440 3392 928521350
1614 881 547300668
444 281 304275096
273 197 192675142
1205 770 87182157
1036 973 199467505
938 880 31271309
1218 320 187327586
488 242 362768293
714 524 159677016
2984 291 538288788
183 166 451704248
2446 371 387911947
1193 399 231986483
116 109 171814387
2612 2355 428729437
1131 887 141051735
961 474 935217165
758 412 690415750
1752 1642 512561633
3574 721 310431182
794 207 752451815
26 14 541098101
2799 1697 289676696
1013 247 205268844
3221 639 74666112
3165 589 769592092
1466 443 418226927
109 3 538542536
1196 185 164059123
204 77 1209702561
1616 1027 163656824
2944 1637 274858520
1748 1525 853449983
3851 216 23165380
2019 1125 965218277
2375 1745 438807223
486 445 653112566
3723 2548 609024342
696 361 835190191
2006 466 595594635
188 41 573496054
4148 1986 363977386
474 438 356455861
1868 1245 345511584
155 93 1249029093
1432 1255 179125967
2477 2352 155910689
453 315 354838242
388 326 486782762
597 139 952230462
349 95 70907572
843 817 658242245
214 64 91440889
2223 969 90546909
218 103 429755054
2796 1005 587466284
810 444 33249927
2038 1470 553977026
1279 146 205616734
1794 1287 728239013
1352 357 45764663
888 65 354961016
1802 1327 752119875
2672 1006 600896604
3327 1393 522138944
269 173 555204483
1550 808 232587592
123 41 256071117
921 204 139846273
3717 660 34603949
2120 1920 418432338
2398 1107 163188735
1313 667 23836490
635 147 72662427
1399 6 887667339
821 15 67646107
3127 2929 317286115
2121 650 291555733
2228 266 500255150
771 25 1615111728
899 602 168420120
1883 943 141743144
3853 3013 207192746
2521 2257 44882762
619 26 224112077
2391 957 568773258
239 100 946645787
122 9 879871670
2493 1621 220725215
1537 1333 21219472
3338 695 342689593
723 559 42391492
111 14 433373262
1680 94 292413413
1855 119 98811679
840 593 66305544
3514 2660 23061491
482 344 106821320
1174 856 84380433
897 498 786148274
2344 30 446422173
139 57 2138902009
345 117 470178337
2710 2240 445009644
1245 559 885432200
1338 958 622528934
1581 1442 1012267447
1308 983 403516151
589 536 653143391
30 14 83794807
3731 2967 48785930
4199 254 382920842
1412 482 213568307
1780 788 186826765
3690 3258 185428717
383 91 531886546
3886 1810 487362957
548 284 441657244
173 50 492426362
1498 776 384418490
1008 191 546426035
525 50 172066049
1936 526 622075472
50 44 1282498187
1969 220 594290362
1860 802 991073095
402 145 533486763
1589 206 421562393
283 46 401088416
2989 2468 327769216
1907 975 180129280
2382 2366 125080536
1401 24 114854499
3394 404 64714684
796 132 49684826
790 465 147764338
3041 3020 65160268
2302 1679 51229439
1678 1180 10464809
2182 1938 50986987
1676 369 876549010
442 313 1139746756
2389 1453 732207472
1854 1110 570364693
355 343 498553481
1422 1228 385795707
3652 778 274211041
686 359 211862477
1054 620 588978115
2204 1069 379601269
423 163 140288217
2141 237 41081165
443 242 1624677900
386 197 1102432621
1303 329 328723715
2104 1627 211932657
2412 1357 422465396
1842 452 1383206187
11 9 917496279
3076 2567 78291257
1734 691 227589236
344 152 265798540
2689 982 137088591
583 85 597234571
1408 1187 395619513
2990 1487 158411705
361 257 685675123
232 503 126479
206 46 411741686
300 1821 3009355
362 264 435786888
103 101 1183993784
3264 1719 608572354
3568 845 463097239
1759 71 409838260
670 735 5414763
95 21 209605684
1697 1299 3647137
452 246 1365219955
284 132 415101259
862 849 549188568
2166 2773 6246113
7 40 9102008
526 1374 9867852
2195 2851 11142023
1015 1323 11822803
174 1244 13544961
1502 1744 13651153
1641 1041 181707487
226 2545 13932383
236 889 14443308
1909 3008 14454937
1110 662 639857851
46 16 467882512
93 303 15351861
1362 226 649972390
152 2315 17150643
527 3246 18132793
3255 3670 18259045
531 731 19093879
1537 2703 20594048
1481 2629 23088034
339 352 23091339
1364 1879 24431254
469 886 24656781
888 1363 25300059
676 574 29053412
75 129 25442737
975 906 815383143
723 1160 25629317
1842 2754 26507683
1836 2170 27097708
1892 2437 27601079
943 3 111680497
1525 471 809850682
1337 2001 27776858
1598 2144 28476564
200 3668 28866873
2305 871 651686044
479 2031 29251270
3385 2794 153058263
1459 181 12346996
1429 3576 29499202
131 98 63903596
311 60 496022060
719 2285 31716958
658 852 31755945
1206 1546 31853671
658 390 878543798
2060 1847 594868622
112 711 32010078
3738 3951 34504640
189 517 34723344
951 964 35512061
1984 1481 196662628
1323 2468 36021213
311 941 37530248
293 3164 38773010
2412 3330 39552717
920 1862 40308070
1128 1222 43263272
129 448 43320701
116 147 19380772
562 1478 35940013
308 3650 43332633
1393 815 451764886
420 959 44415080
495 2289 45333592
1266 1992 45968361
855 1631 46540933
853 1567 47403571
548 3664 48388631
936 1639 48490440
526 157 555623412
1902 707 379456608
858 1503 51719527
1692 2652 52034208
171 38 1135215245
1611 345 675401592
3391 1149 170225993
156 2100 52635382
542 1263 53070786
1111 3867 54291404
2078 2789 55246043
409 885 55769322
136 149 56113718
1412 2313 56116363
429 651 56217006
185 208 56392257
321 593 18218365
2611 3333 56473738
559 156 434312364
881 864 313866555
2589 2934 58673294
431 1997 60916039
39 2441 62004240
622 1164 65649051
2434 3558 66366714
389 1592 66680325
37 1864 68130465
2408 2830 69734385
2085 2368 69817512
45 118 70792701
525 529 71408429
1895 2879 74925900
660 1083 74945360
61 578 75054455
73 133 75419704
10 69 75803236
1936 2824 75983894
346 313 99863955
1150 3049 79529692
98 1242 79792760
156 101 244735715
781 1778 21414144
332 744 80041026
792 181 387747522
1080 1716 81560716
332 202 712653834
1167 608 312373337
893 518 176951470
1395 3738 84461902
912 1132 86810347
627 45 53405666
169 470 83426714
39 419 88317857
228 1586 92236865
103 892 92527557
142 1552 92743306
408 2856 93624938
203 364 94575207
385 469 94953975
131 154 80350266
360 125 536874231
1688 1241 247135175
74 2317 85670500
167 302 95272929
3770 4043 96917959
322 993 98573721
1383 36 3387132
1183 3655 99125114
1855 1942 99428384
134 1728 100229593
281 191 158418785
1184 821 500480689
410 967 100444079
101 83 1248288603
257 71 554630217
897 1801 100651909
2 8 100981299
128 403 101232680
428 2162 104288971
3 4 105898891
976 1095 108833068
1676 3612 110481564
719 1225 111331970
411 432 111677191
1006 602 488734887
934 689 508743816
1739 2643 113172426
1398 1743 113608010
1540 2136 113688249
1108 83 105923277
2010 2631 115746577
993 1659 116631236
1266 2345 117702269
768 2179 118122914
435 458 74209907
351 839 119948008
1061 1529 120458331
460 1098 122114288
1171 2336 122225114
3588 2790 148147865
261 759 123016958
3023 348 153343473
75 270 124355040
1669 853 251886992
236 54 698146632
26 3878 124989845
1984 4149 125234325
829 1212 125752163
1804 2767 126779038
38 37 985271974
538 968 127235607
156 639 128086489
1405 3218 130765438
818 882 133345332
1189 1820 134075878
545 1322 134240869
23 506 134361034
180 1136 134373694
134 1491 134586256
157 1479 134937789
1812 1837 135347150
858 942 137791081
488 3123 137920854
3180 4101 140787110
404 2216 140921783
2 152 76953532
1295 2270 142303170
541 2622 142396113
78 384 142817136
290 2078 142861901
2106 3344 89817788
591 1584 94947929
1708 379 62092332
488 1011 98710045
1546 1814 105010696
1666 2390 107016306
2426 3564 117059987
123 328 145304890
651 712 146499469
932 1256 147130458
409 789 148707360
25 1547 150183850
31 209 150492626
736 1513 150524386
349 2192 150682814
1005 997 325543738
485 569 150931547
551 2738 153400879
170 2531 154415490
30 562 155012522
633 1081 70326781
1890 2939 156470914
1113 1341 157074692
609 1386 157414002
396 1248 145754574
121 2278 158202078
216 724 159311732
13 79 159849708
887 1798 161151841
503 2677 161672844
438 2647 48027445
1131 1905 162632134
125 11 364575590
1377 3363 164108275
261 1029 164494043
135 277 165633844
178 418 166975482
2173 3240 167134857
1012 1917 168071531
1150 1200 168076374
446 1215 168666133
33 665 170694820
726 732 171893020
748 949 173151161
838 2459 173578925
26 734 179066048
328 791 181134289
2526 2603 183109330
455 386 265159201
727 1686 184107424
575 2786 184559707
429 1170 187440256
924 2420 187745685
840 1782 187946040
864 1967 188326414
181 509 188758548
758 1224 191644443
2292 2337 192119946
24 680 193321768
2569 2266 205136658
326 2751 197515033
171 382 197568528
57 10 2294360858
1164 2299 197607874
129 1404 198149915
123 425 198557412
4 1451 201808709
2677 3161 204340840
2020 2157 204470329
813 1593 205445733
115 1786 206245142
1001 1210 206488488
978 2047 211657690
1088 3369 211683992
982 3078 212867218
1409 3079 214028049
1402 1628 216632945
654 866 67892952
1318 2473 217754579
999 1548 219881126
915 2704 220274164
74 2504 220928619
1363 1775 223093301
44 2099 226044338
1386 2698 226526941
14 2423 227240825
2393 2876 227853145
1034 1111 232123632
245 2263 203335820
690 1032 232873260
335 2231 234615309
1234 1456 237402926
2817 2978 237846853
1339 3775 238205696
1069 2467 218905769
1092 1326 231547978
650 2373 234686089
1509 2483 239767103
311 1777 242428284
984 1229 243090636
2335 2442 244004957
601 2073 244630922
226 769 245559548
292 338 246727778
1091 1165 248947318
1136 2994 248949049
163 1607 249034095
2665 4038 249159216
542 1481 106665898
1111 1952 249322715
1263 1650 249536821
1249 2134 251190391
409 923 253072669
283 1672 253648443
993 2661 257477111
161 2395 175635172
512 3814 262956137
56 158 263237231
1283 2321 263491520
158 1171 265228663
1417 1957 265459217
884 912 266226155
1166 349 428463918
885 922 231856232
100 213 267182911
290 946 267619793
8 28 267835007
573 1460 269354091
368 521 270218385
259 751 272411585
1282 1545 274067616
17 299 275142619
1846 2012 275667332
58 1623 276960159
115 998 277395628
104 387 277551455
382 492 277832930
1007 1853 278471611
941 3598 279736263
18 3 914394226
2063 2101 284552250
489 1148 288021803
1967 2294 288755841
858 979 288856031
582 2501 288966431
76 223 290816207
1164 4062 292096409
569 1115 299366680
579 3743 301711933
1651 1826 302247012
181 535 305359290
355 2249 306525666
1144 1906 316383400
1335 2256 316757576
207 609 319308672
1717 220 516001976
522 1928 186935929
777 1892 192218123
2939 3273 193260342
385 479 206717129
1542 1605 226465432
1371 2362 319296787
849 660 194748241
626 691 94885552
2261 3770 319882762
1032 1354 226768791
122 2155 320110968
1105 1681 320494719
60 363 321554912
396 3003 321958849
359 604 323021365
612 1172 323308592
717 2330 323658214
392 1675 325371768
538 2333 326234717
1731 2627 326689140
194 1565 329208455
84 234 330323783
2951 3166 332989878
254 775 334300480
477 807 334813312
150 182 335200797
441 501 335925614
513 520 336057288
55 2338 338997077
1761 3858 341025074
2021 2356 341782665
1379 1830 342230077
1335 1693 346135470
141 861 347421571
1073 3529 347851210
1021 2325 348715973
1802 2542 349505167
546 3058 349681245
531 1762 350629345
128 3016 351969472
1632 1699 352492580
1557 2071 353565262
139 325 353721903
1322 1367 354192923
266 339 357112395
229 475 358503415
36 662 359507461
679 1112 364465152
150 2051 365117448
852 1294 366296703
109 2899 370562645
1821 1839 370642605
1626 1977 373462980
136 3521 376956111
437 1348 385219188
61 1041 304556450
432 1541 386028765
1289 2491 388003020
188 937 388303961
486 1003 392522052
270 867 378742068
1395 3251 298028662
120 268 393233548
162 1099 396978733
700 1067 400845313
1104 1316 401064906
9 215 402048160
90 909 402559711
2074 3190 403999868
2960 3252 405830204
257 3587 409670068
94 2601 413773382
271 376 415774133
3016 3304 416282911
298 1096 419093151
945 2067 419589383
21 1863 421119900
440 592 421356962
809 1077 423053138
83 1169 426271399
305 2595 427535738
254 894 429497337
628 935 430766502
127 1475 437164741
323 1995 438734975
173 497 439056582
3427 3552 439179023
1687 3484 440457201
206 279 443362704
718 1836 443964766
470 533 447385858
1108 1156 450195033
1567 1738 452219117
1014 3544 454761574
214 224 456380421
181 189 457154321
353 2392 458838232
282 524 460183394
2100 3234 460685458
668 1662 462390704
1397 2288 464569531
111 876 360562579
2354 3578 465266155
1587 2151 467424128
1808 2576 472524230
465 2173 473020405
175 2413 312989009
1415 3561 474995554
1308 2132 476742948
1141 3155 479490533
420 915 483806605
149 1622 264207867
62 596 484155238
3269 3981 488165282
223 312 494890119
10 13 495529392
112 648 495652812
9 708 496942190
178 1407 509035687
2243 3671 156185382
788 2492 169595884
1274 2466 219631201
317 329 291961934
764 1157 332822553
369 82 449728625
696 1138 350737948
1194 2463 371581258
746 1956 371802200
1854 2991 407266650
1476 1881 440355868
396 3043 463379502
615 1188 516817358
1230 1347 301199258
1793 4147 517423656
318 1845 519695134
264 1714 524575606
220 258 525551051
413 1237 527072441
285 350 529529583
132 265 531030861
1020 1656 536852607
25 2565 538081692
2370 2768 542061847
196 494 545222493
37 327 552700198
415 1361 553919939
649 952 555230559
110 1276 556786268
104 108 563386584
10 33 565655634
3208 3760 222907995
1597 3946 235977631
80 1773 571980193
3230 3378 347485245
266 900 617179407
114 800 620180567
2630 3725 624620344
707 1654 628886311
11 3601 647754859
754 911 658725584
9 48 668958570
351 2894 669772752
1613 2955 688771430
295 713 689822393
75 1120 702434022
1076 1683 702634545
192 342 709221681
1465 2484 710711200
997 1953 726238810
6 989 738117266
287 1493 747450255
1815 1908 755640084
1043 1790 756824658
1176 1851 764087861
93 2271 842643263
799 2618 1020724361
721 745 1062740580
2022 2351 1949273999
135 241 1635212752
389 574 1576111481
180 618 1509091366
586 872 1506321612
290 502 1422635875
935 1046 1323719258
1393 2081 1307451373
1356 1606 1303039326
527 528 1245865698
55 783 1197368433
571 778 1157849765
325 825 1120518775
70 847 1102922582
68 70 1100264856
43 67 1079841533
277 698 1054212314
110 252 1044454735
335 336 990699379
455 2357 973248738
361 1293 931026780
231 704 912657282
33 89 902371305
143 1333 896347743
1263 2529 886470372
2371 2788 885877431
155 2103 883195372
1206 3109 627432213
2210 3009 878959802
461 595 870118946
944 1162 866602627
3580 3791 861129084
78 391 852718815
598 1039 852564561
193 2201 847117950
1011 1522 846689897
2227 2578 830238786
2351 3666 824907739
266 507 819458409
3393 3451 793242470
2625 3584 790263905
1777 3460 780452918
747 1271 780363199
853 859 769340208
945 1159 758884887
2286 2486 756961513
131 1030 742401136
162 644 736424483
963 3407 733866106
1033 1838 732542649
563 1679 732486502
652 1781 731428668
1350 2230 724756293
579 1454 721823381
2894 3456 712020941
806 2654 711657974
3038 3201 709502037
265 1310 702687969
520 1197 702593010
1632 3334 653324204
2494 2825 697048300
2779 3594 696610944
90 272 693798819
2327 2416 690833498
943 1504 685690628
941 1163 685084084
284 2482 684078784
92 2011 683470185
1648 1987 678035334
717 1974 674112598
103 198 667743505
2152 2364 667247591
524 1760 665540443
819 2013 662924473
2141 2572 659862392
2456 3482 659531357
1664 1772 658972665
11 106 658679648
624 1645 658600424
234 939 649510345
233 1934 648541845
1510 2976 639053491
404 421 632915329
136 1423 622998439
51 92 621902737
889 1718 620247410
1121 2002 617412132
446 1201 614116092
122 389 610755999
1345 2480 609536403
319 333 605843843
1087 2082 601356537
1882 2086 599262397
370 918 598443979
1203 1221 597977175
401 2549 596021665
1512 2928 595640720
1366 1590 592220125
521 598 589103449
354 406 588635864
872 1204 588491996
2400 2697 587315444
963 3899 587106971
2408 2515 586846572
1511 1722 584358623
1922 2892 580880299
743 2453 577703297
492 3117 575343358
618 640 574179510
2552 2683 569415928
1820 3495 567680118
140 1582 567185903
853 1833 566818771
635 883 566020235
67 924 479755281
847 3540 318103855
832 2007 565098114
455 841 562340139
473 1749 562310959
580 1922 558042752
133 1025 554894585
1604 3691 554382747
852 905 553101888
1305 1477 552535006
1930 4004 552257040
1001 1024 551530109
468 891 550939144
1317 1438 550545329
1956 2123 543652650
855 1038 540977726
855 1444 538115571
1606 2975 535927538
1771 3349 535579194
781 1754 534931948
1033 1896 531026167
1514 1671 530825628
998 3585 530785131
563 2655 526228696
432 1209 525860417
1099 3135 525517787
548 1684 524612108
1982 2742 523126408
1607 3026 506973627
208 365 522852048
2650 3918 519755488
223 3633 518230405
2081 3148 517146386
913 2281 467167399
574 947 433110346
162 1012 422131790
698 3015 309577939
578 1061 514714084
1492 2107 510352286
1147 2667 505985954
2330 2709 503087460
730 879 501370526
775 2940 500802887
112 657 500031916
858 1812 495240178
148 1015 485823053
374 2739 426352145
233 3101 411273018
74 1266 474352298
4 878 474213446
307 1085 460466686
203 358 459854222
486 1910 459314804
3021 3453 458842760
747 2279 454790364
1486 3912 454084283
8 45 436919353
860 2563 424580410
513 1016 422915968
830 2084 416563775
729 4080 412130054
2351 2353 408382732
717 1388 404282682
3106 3473 346629648
429 3610 392427605
156 184 391641786
241 2546 381810645
229 611 379780555
3468 3631 377113654
122 2429 369322803
2011 3393 368352594
528 2276 338480921
800 1198 337935378
322 2242 289749741
1800 2933 332036896
1162 1799 331098383
778 953 326873719
904 1022 304961676
2053 2837 310180078
123 1216 309560351
1293 1518 295906566
252 631 289414754
1617 2841 285807836
677 2311 281956419
1155 1360 276125741
783 1994 275626804
488 785 275517455
333 2056 274747744
491 519 273500460
1349 3844 273117119
704 2690 267926019
140 2237 184725951
1046 1379 251562973
1046 1265 244042640
1061 1427 241548525
260 438 238412383
354 685 237254718
2961 3920 236190922
252 4040 222189870
698 3313 220298503
905 2951 205758896
487 716 200443003
48 3308 191260290
33 3035 189058318
272 2127 186546983
507 1618 179694426
494 1519 177684614
1333 1428 168563396
1702 2254 168485251
1163 1307 164410156
389 606 157431281
67 625 153049573
92 728 151194406
1722 1966 138819838
1772 1825 137954300
1524 2559 106877429
462 4170 103676808
198 703 95768576
336 1647 89599366
2478 2580 78646062
618 3944 69773357
1060 1175 68702094
241 552 57396644
745 1601 38650174
89 185 38450000
883 1147 29342033
70 493 22381413
1221 1976 4603459
847 2243 1836197
900 3541 492694062
3009 3231 492332685
438 1391 492329792
911 991 492098860
1188 4110 491556761
1582 2850 490833225
1159 3455 490089854
365 2348 488618949
849 4152 488546436
89 581 488316482
2364 2632 485889777
2357 3224 485040840
1522 4200 484546072
1197 1536 484280443
872 1891 484177000
3460 3813 483825152
327 688 481609859
1209 3937 478304964
1606 1988 478173187
528 3188 477314035
2201 3047 476847210
1679 4330 476456509
989 1724 473261932
1293 2699 472497535
3918 4204 470614046
1201 3679 470153828
2082 4003 469616769
391 4137 469277724
662 1253 468556049
3109 3642 465135405
1221 3063 464629137
703 2225 462628457
1953 2734 462281794
329 2488 461086144
918 3488 460205040
479 1065 459542561
783 3673 458679442
458 3294 458614248
2955 3866 458028513
2529 4088 456840646
2002 3809 456658647
796 2781 456319212
1790 3372 455723141
595 3288 453985163
1781 3142 453890534
2618 2946 453589145
406 3133 452067531
1038 3812 451577180
108 3478 451287467
2683 3559 451154901
3594 4007 450425337
342 2054 449596909
209 3100 448575144
2482 4069 443174549
1120 2983 441785023
1095 1959 441176347
1348 2847 440758300
502 990 440753387
336 2248 439499843
2103 2306 439421008
70 222 438550415
421 1044 438520579
3451 3857 434173363
48 621 433631475
198 1796 431684269
1743 3949 430709720
524 3214 430614724
2230 4385 429217515
1683 2834 428333270
1333 2499 428042539
2654 3491 427562168
745 2584 425969622
1693 3802 424955962
778 3359 420872724
704 753 420744701
339 3728 420117093
1922 3940 419654401
2271 4219 417512501
778 2534 416515140
3791 4188 416285440
2007 3551 416217895
1650 3193 413869637
2697 4373 410836566
713 3426 409053408
574 656 405325081
1799 3088 404694109
859 1573 403144469
3899 4026 400534676
1444 1695 399012103
1025 3447 397285674
1271 2158 396575062
2825 3431 395134256
1204 2402 394447073
1405 1561 394238538
3666 4380 393531947
2013 2616 392178019
1504 2304 392055020
272 3373 389377362
458 4231 384403233
1645 2658 384100165
2484 3147 383014149
2351 4102 381631731
2486 3734 377904666
657 4085 377026712
347 3293 376869479
448 2205 369954483
939 3565 369295000
103 761 368395913
507 3769 367581357
241 3627 366896632
825 4401 366715599
1407 4403 366509009
241 297 363501893
723 1090 362531727
1896 3632 360245305
502 2784 359732981
847 1273 357608002
3633 4300 355863563
3148 3549 354637164
1367 2089 352653515
1493 3702 350774991
46 828 350584705
4147 4309 349790821
1477 3512 349018160
662 4118 348806942
1718 3436 348429720
2081 4426 346584435
1749 2564 346049921
1987 3125 344447586
3584 3882 342330664
2618 4205 340608087
1039 3114 339831644
3407 4402 338891702
2515 4138 337564532
2894 3191 336340325
3495 4357 336005053
1030 3279 335239667
2549 3819 332147120
2788 3782 329959492
3585 4116 329943791
644 2816 329871125
3117 4262 329084603
598 2718 328892546
70 3352 327952869
1064 4143 323986852
106 3223 323009333
775 1464 322267775
2892 3213 318312062
2975 2992 317253870
51 1886 316619390
2123 2623 316499727
825 2343 313946878
2768 3237 304584275
1046 2000 299792277
1714 2813 299333748
358 4232 295264518
3691 4422 295256417
1157 3677 294647277
3201 4258 292997346
952 1071 292655228
1833 4086 291941703
745 3158 290966261
1838 4390 290593749
1845 2737 289191914
1851 2897 287208035
2655 2693 286379958
2976 3682 286215912
1454 1534 286151533
1656 4195 284368600
2578 2775 278047249
502 2557 276023932
891 2524 274723676
618 2805 274352742
574 1568 273738127
2086 3450 271631697
350 2707 268290426
1590 4414 266828197
2578 4042 265302740
1934 3277 264971665
3456 3960 264539938
894 2958 264434049
1908 2273 263764655
1361 2681 263587827
1024 3688 261480695
67 172 259449300
1438 2727 257344589
4004 4172 255877859
3601 3630 251682508
1162 2176 251566522
2416 4033 249687855
1237 3822 249290448
1310 3995 247788924
2101 4307 245597517
1039 1257 245432993
1760 4142 244166570
1654 4278 243769745
1974 4119 243027473
703 4153 241954111
3334 4167 240618110
618 4349 235670072
2928 3290 235654907
866 2069 228979380
883 3965 226304247
1754 3458 218041120
2107 4255 210721618
1423 3206 209859487
3482 4248 205086482
1276 3929 193303567
258 2476 191346298
1671 2732 182046891
1773 2819 178397868
3349 3956 166435055
1163 3235 158142734
518 564 154873521
2940 3233 151822611
132 1047 143098516
2572 4151 139189107
3725 4213 138631403
2667 2884 137779531
2480 3747 137766799
879 2791 134538351
841 3906 130440331
3026 3718 120336094
2572 2957 115808350
2742 3077 114769487
252 1612 105627718
698 2561 105317265
2453 3085 98690286
474 1133 97213244
2788 3446 97174330
1772 4047 94758023
1684 2024 91545862
640 2842 91256663
1046 4169 90446821
2565 3984 86628315
265 2251 79109496
3135 3186 62856879
2709 3509 32190309
